<?xml version="1.0" encoding="UTF-8"?>
<!-- Generated by org.testng.reporters.JUnitReportReporter -->
<testsuite skipped="0" hostname="DESKTOP-J8EK6JD" name="com.BankingFramework.testCases.TC_LoginTest_001" tests="1" failures="0" timestamp="2021-09-13T23:53:13 IST" time="5.587" errors="0">
  <testcase name="LoginTest" time="5.587" classname="com.BankingFramework.testCases.TC_LoginTest_001"/>
  <system-out/>
</testsuite> <!-- com.BankingFramework.testCases.TC_LoginTest_001 -->
